Log: Log file open, 05/08/2024 21:18:19
Log: GPsyonixBuildID 240717.49861.454952
Log: Command line: -AUTH_LOGIN=unused -AUTH_PASSWORD=df768a652c7f4571a540306767cb8ce1 -AUTH_TYPE=exchangecode -epicapp=Sugar -epicenv=Prod -EpicPortal -epicusername="1Playert" -epicuserid=97a9a973ac0e41ff971b5f5160336fde -epiclocale=en -epicsandboxid=9773aa1aa54f4f7b80e44bef04986cea
Init: WinSock: version 1.1 (2.2), MaxSocks=32767, MaxUdp=65467
Log:  ... running in INSTALLED mode
Init: Language extension: INT
Init: Language extension: INT
DevConfig: GConfig::LoadFile associated file:  ..\..\TAGame\Config\TAUI.ini
Init: Version: 240717.49861.454952
Init: Compiled (64-bit): Jul 17 2024 14:53:32
Init: Command line: -AUTH_LOGIN=unused -AUTH_PASSWORD=df768a652c7f4571a540306767cb8ce1 -AUTH_TYPE=exchangecode -epicapp=Sugar -epicenv=Prod -EpicPortal -epicusername="1Playert" -epicuserid=97a9a973ac0e41ff971b5f5160336fde -epiclocale=en -epicsandboxid=9773aa1aa54f4f7b80e44bef04986cea
Init: Base directory: E:\Epic Games\rocketleague\Binaries\Win64\
[0000.24] Log: Purging 30-day cache '..\..\TAGame\Cache\WebCache\*.*'...
[0000.24] Log: Purging 3-day cache '..\..\TAGame\Logs\*.log'...
[0000.25] Init: Computer: DESKTOP-CL1FEFJ
[0000.25] Init: User: DELL
[0000.25] Init: CPU Page size=4096, Processors=4
[0000.25] Init: High frequency timer resolution =10.000000 MHz
[0000.25] Init: Memory total: Physical=15.8GB (16GB approx) Pagefile=18.1GB Virtual=131072.0GB
[0000.25] Init: Presizing for 138000 objects not considered by GC, pre-allocating 0 bytes.
[0000.26] Init: Object subsystem initialized
[0000.31] Log: Using feature set PrimeUpdate51
[0000.33] Log: FOnlineSubsystemEOS: EOS version = 1.13.0-24551320
[0000.33] DevOnline: EOS Platform CacheDirectory=C:\Users\DELL\AppData\Local\Rocket League\
[0000.46] Log: Found D3D11 adapter 0: Intel(R) UHD Graphics
[0000.46] Log: Adapter has 128MB of dedicated video memory, 0MB of dedicated system memory, and 8066MB of shared system memory
[0000.46] Log: Found D3D11 adapter 1: Microsoft Basic Render Driver
[0000.46] Log: Adapter has 0MB of dedicated video memory, 0MB of dedicated system memory, and 8066MB of shared system memory
[0000.46] Log: Shader platform (RHI): PC-D3D-SM5
[0000.50] Breadcrumbs: Startup_PreInit: 0.501
[0000.53] Breadcrumbs: Startup_LoadGlobalShaders: 0.029
[0000.56] Log: Waited 0.009 sec for async package '..\..\TAGame\CookedPCConsole\Engine.upk' to complete caching.
[0004.81] Log: ProductDatabase_TA::InitProductLabels  0.01 sec total.
[0004.86] Log: ProductDatabase_TA::UpdateAvailableProducts  0.04 sec total.
[0004.86] Breadcrumbs: Startup_LoadScriptPackages: 4.333
[0005.52] Breadcrumbs: Startup_LoadNonNativePackages: 0.655
[0005.53] Log: 144136 objects as part of root set at end of initial load.
[0005.53] Log: 0 out of 0 bytes used by permanent object pool.
[0005.53] Log: ShaderCache load stats: AccumLoadSeconds=(2.773) ShadersLoaded=(390109) Duplicates=(25950)
[0005.53] Log: Initializing Engine...
[0005.53] Log: BuildID: -665562285 from GPsyonixBuildID
[0005.61] SystemSettings: Loading PC Settings
[0005.62] Breadcrumbs: Startup_BuildGuidCache: 0.104
[0005.65] Log: Running hardware survey...
[0005.65] Log: Wwise(R) SDK Version 2019.1.1 Build 6977. Copyright (c) 2006-2012 Audiokinetic Inc. / All Rights Reserved.
[0005.74] Log: OS: Microsoft Windows 10 Home Single Language  (19045)
[0005.74] Breadcrumbs: Startup_ClientInit: 0.115
[0007.05] Log: WinSAT: 6.9 [8.8 CPU, 6.9 2D, 9.9 3D, 8.8 Mem, 8.1 Disk]
[0007.05] Log: Processor: Intel(R) Core(TM) i3-1005G1 CPU @ 1.20GHz (Intel64 Family 6 Model 126 Stepping 5) 2 Cores, 4 Threads
[0007.05] Log: Memory: 8.00GB
[0007.05] Log: Memory: 8.00GB
[0007.05] Log: VideoController: Intel(R) UHD Graphics (31.0.101.2127)
[0007.05] Log: Network Adapter: Qualcomm QCA9377 802.11ac Wireless Adapter
[0007.05] Log: Disk C: 26.43GB free of 118.61GB
[0007.05] Log: Disk E: 251.92GB free of 465.76GB
[0007.05] Log: Sound Device: Intel(R) Display Audio
[0007.05] Log: Sound Device: High Definition Audio Device
[0007.05] Log: Hardware survey complete in 0.64 seconds.
[0007.05] Breadcrumbs: Startup_CreateViewport: 1.310
[0007.05] DevOnline: Created named interface (RecentPlayersList) of type (Engine.OnlineRecentPlayersList)
[0007.17] EOSGameClips: EOSGameClips: Activate called successfully.
[0007.17] EOSGameClips: EOSGameClips: Audio initialized successfully.
[0007.17] EOSGameClips: EOSGameClips: Subscribed to game clips status events successfully.
[0007.17] EOSGameClips: EOSGameClips: Subscribed to user status events successfully.
[0007.17] EOSGameClips: EOSGameClips: Successfully initialized!
[0007.17] ScriptLog: PsyNet using environment DBE_Production Prod
[0007.18] PsyNet: PsyNetConnection_X_0 disabled OSCS_ServiceUnavailable
[0007.18] PsyNetStaticData: HandleCacheExpired
[0007.18] PsyNetStaticData: HandleGetURL URL=(https://config.psynet.gg/v2/Config/BattleCars/-665562285/Prod/Epic/INT/)
[0007.18] PsyNetStaticData: Blocking sync start
[0007.19] DevOnline: WebRequest_X_0 SEND: https://config.psynet.gg/v2/Config/BattleCars/-665562285/Prod/Epic/INT/
[0007.32] DevOnline: WebRequest_X_0 RECV: 304 
[0007.32] PsyNetStaticData: Blocking sync complete. Elapsed=0.1432
[0007.32] PsyNetStaticData: HandleDataChanged
[0007.35] Warning: Warning, Product not found for the XEStatusOverride: 7890
[0007.35] Warning: Warning, Product not found for the XEStatusOverride: 8463
[0007.35] Warning: Warning, Product not found for the XEStatusOverride: 8467
[0007.35] Warning: Warning, Product not found for the XEStatusOverride: 10382
[0007.35] Warning: Warning, Product not found for the XEStatusOverride: 10386
[0007.35] Warning: Warning, Product not found for the XEStatusOverride: 8464
[0007.35] Warning: Warning, Product not found for the XEStatusOverride: 8470
[0007.35] Warning: Warning, Product not found for the XEStatusOverride: 8465
[0007.35] Warning: Warning, Product not found for the XEStatusOverride: 5311
[0007.35] Warning: Warning, Product not found for the XEStatusOverride: 9280
[0007.35] Warning: Warning, Product not found for the XEStatusOverride: 8742
[0007.35] Warning: Warning, Product not found for the XEStatusOverride: 8983
[0007.35] Warning: Warning, Product not found for the XEStatusOverride: 10459
[0007.35] Warning: Warning, Product not found for the XEStatusOverride: 10460
[0007.35] Warning: Warning, Product not found for the XEStatusOverride: 10507
[0007.35] Warning: Warning, Product not found for the XEStatusOverride: 10521
[0007.35] Warning: Warning, Product not found for the XEStatusOverride: 10522
[0007.35] Warning: Warning, Product not found for the XEStatusOverride: 10523
[0007.35] Warning: Warning, Product not found for the XEStatusOverride: 10524
[0007.35] Warning: Warning, Product not found for the XEStatusOverride: 10543
[0007.35] Warning: Warning, Product not found for the XEStatusOverride: 10568
[0007.35] Warning: Warning, Product not found for the XEStatusOverride: 10569
[0007.35] Warning: Warning, Product not found for the XEStatusOverride: 10572
[0007.35] Warning: Warning, Product not found for the XEStatusOverride: 10597
[0007.35] Warning: Warning, Product not found for the XEStatusOverride: 10611
[0007.35] Warning: Warning, Product not found for the XEStatusOverride: 10614
[0007.35] Warning: Warning, Product not found for the XEStatusOverride: 10615
[0007.35] Warning: Warning, Product not found for the XEStatusOverride: 10621
[0007.35] Warning: Warning, Product not found for the XEStatusOverride: 10622
[0007.35] Warning: Warning, Product not found for the XEStatusOverride: 10623
[0007.35] Warning: Warning, Product not found for the XEStatusOverride: 10626
[0007.35] Warning: Warning, Product not found for the XEStatusOverride: 10627
[0007.35] Warning: Warning, Product not found for the XEStatusOverride: 10628
[0007.35] Warning: Warning, Product not found for the XEStatusOverride: 10632
[0007.35] Warning: Warning, Product not found for the XEStatusOverride: 10644
[0007.35] Warning: Warning, Product not found for the XEStatusOverride: 10653
[0007.35] Warning: Warning, Product not found for the XEStatusOverride: 10662
[0007.35] Warning: Warning, Product not found for the XEStatusOverride: 10685
[0007.35] Warning: Warning, Product not found for the XEStatusOverride: 10686
[0007.35] Warning: Warning, Product not found for the XEStatusOverride: 10687
[0007.35] Warning: Warning, Product not found for the XEStatusOverride: 7012
[0007.35] Warning: Warning, Product not found for the XEStatusOverride: 9947
[0007.35] Warning: Warning, Product not found for the XEStatusOverride: 10093
[0007.35] Warning: Warning, Product not found for the XEStatusOverride: 10174
[0007.35] Warning: Warning, Product not found for the XEStatusOverride: 10420
[0007.35] Warning: Warning, Product not found for the XEStatusOverride: 10502
[0007.35] Warning: Warning, Product not found for the XEStatusOverride: 10503
[0007.35] Warning: Warning, Product not found for the XEStatusOverride: 10512
[0007.35] Warning: Warning, Product not found for the XEStatusOverride: 10517
[0007.35] Warning: Warning, Product not found for the XEStatusOverride: 10519
[0007.35] Warning: Warning, Product not found for the XEStatusOverride: 10520
[0007.35] Warning: Warning, Product not found for the XEStatusOverride: 10526
[0007.35] Warning: Warning, Product not found for the XEStatusOverride: 10535
[0007.35] Warning: Warning, Product not found for the XEStatusOverride: 10642
[0007.35] Warning: Warning, Product not found for the XEStatusOverride: 10694
[0007.35] Warning: Warning, Product not found for the XEStatusOverride: 10713
[0007.35] Warning: Warning, Product not found for the XEStatusOverride: 10714
[0007.35] Warning: Warning, Product not found for the XEStatusOverride: 10715
[0007.35] Warning: Warning, Product not found for the XEStatusOverride: 10723
[0007.35] Warning: Warning, Product not found for the XEStatusOverride: 10724
[0007.35] Warning: Warning, Product not found for the XEStatusOverride: 10725
[0007.35] Warning: Warning, Product not found for the XEStatusOverride: 10726
[0007.35] Warning: Warning, Product not found for the XEStatusOverride: 10727
[0007.35] Warning: Warning, Product not found for the XEStatusOverride: 10461
[0007.35] Warning: Warning, Product not found for the XEStatusOverride: 10483
[0007.35] Warning: Warning, Product not found for the XEStatusOverride: 10517
[0007.35] Warning: Warning, Product not found for the XEStatusOverride: 10557
[0007.35] Warning: Warning, Product not found for the XEStatusOverride: 10595
[0007.35] Warning: Warning, Product not found for the XEStatusOverride: 10630
[0007.35] Warning: Warning, Product not found for the XEStatusOverride: 10631
[0007.35] ScriptWarning: ScriptWarning, Assertion failed, line 33
	ContentConfig_TA Transient.Untitled_0.ContentConfig
	Function ProjectX.ContentConfig_X:Apply:01D5
Script call stack:
	Function ProjectX.OnlineConfigDispatcher_X:ApplyConfigObject
	Function TAGame.ContentConfig_TA:Apply
	Function ProjectX.ContentConfig_X:Apply

[0007.42] Log: ProductDatabase_TA::UpdateAvailableProducts  0.07 sec total.
[0009.00] Log: ProductDatabase_TA::InitProductLabels  0.01 sec total.
[0009.00] PsyNet: PsyNetConnection_X_0 enabled
[0009.02] PsyNetStaticData: UpdateCacheTimerEnabled CacheTimer.bEnabled=(True)
[0009.02] EOSGameClips: Construct Constructed EOSGameClipsManager_TA. Self=(EOSGameClipsManager_TA_0)
[0009.03] AuthPsyNetVerbose: New auth error. Error 'OSCS_NotConnected'
[0009.03] AuthPsyNetVerbose: OnlinePlayerAuthentication_TA_0 None Unknown|0|0 Logout
[0009.03] PsyNet: PsyNetConnection_X_1 disabled OSCS_NotConnected
[0009.03] AuthPsyNetVerbose: PsyNet connection status changed. Error 'OSCS_NotConnected'
[0009.03] AuthPsyNetVerbose: New auth error. Error 'OSCS_NotConnected'
[0009.03] AuthPsyNetVerbose: OnlinePlayerAuthentication_TA_0 LoggedOut Unknown|0|0 Logout
[0009.03] AuthPlatformCritical: Initiating auth. Player num '0', Name '', Password length '0'
[0009.03] ScriptLog: HandleBlockListStatusCreated Status=(PlatformBlockListStatus_0) ControllerId=(0)
[0009.03] AuthEpicCritical: Sending Eos login request with Credentials '{Version '3', Id Length '2', Token Length '32', Type 'EOS_LCT_ExchangeCode', SystemAuthCredentialsOptions null? 'Null', ExternalType 'EOS_ECT_EPIC'}'
[0009.03] SaveGame: Load Player.ControllerId=(0) SaveFileName=(..\..\TAGame\SaveDataEpic\DBE_Production\97a9a973ac0e41ff971b5f5160336fde.save)
[0009.03] Breadcrumbs: Startup_InitOnlineSubsystem: 1.985
[0009.04] DevNet: Browse: MENU_Main_p
[0009.05] Log: LoadMap: MENU_Main_p
[0009.05] Exit: XAudio2 Device shut down.
[0009.09] Log: Fully load package: ..\..\TAGame\CookedPCConsole\GameInfo_GFxMenu_SF.upk
[0009.11] Log: Fully load package: ..\..\TAGame\CookedPCConsole\GFxSounds_MainMenu_SF.upk
[0009.12] Log: Fully load package: ..\..\TAGame\CookedPCConsole\GFX_StartMenu_SF.upk
[0009.36] Log: Fully load package: ..\..\TAGame\CookedPCConsole\GFX_MainMenu_SF.upk
[0009.54] Log: Game class is 'GameInfo_GFxMenu_TA'
[0009.60] Log: Bringing World menu_main_p.TheWorld up for play (0) at 2024.08.05-21.18.29
[0009.60] Log: Flushing async loaders.
[0010.03] Log: Flushed async loaders.
[0010.04] Log: Bringing up level for play took: 0.487494
[0010.73] Log: ########### Finished loading level: 1.683021 seconds
[0012.12] Breadcrumbs: Startup_Browse: 3.086
[0012.12] Log: Initializing Engine Completed
[0012.13] Breadcrumbs: Startup_Total: 12.130
[0012.16] DevOnline: EOSSDK-LogEOSGameClips: Probing for recording system availability.
[0012.16] DevOnline: WebRequest_X_1 SEND: https://rl-cdn.psyonix.com/SpecialEvent/Images/SummerRoadtrip/rl_summerroadtrip_game_eventscreenlogo_dafsv89.png
[0012.17] DevOnline: WebRequest_X_2 SEND: https://rl-cdn.psyonix.com/SpecialEvent/Images/SummerRoadtrip/rl_summerroadtrip_eventscreen_fsd879asduj.jpg
[0012.17] DevOnline: WebRequest_X_3 SEND: https://rl-cdn.psyonix.com/LogoImages/rl_roadtrip_menulogo_sj9d8f7.png
[0012.18] SaveGame: HandleDataLoaded Result.Code=(BasicLoadResult_Success)
[0012.18] ScriptLog: NetworkSave_TA_0 ApplySettings ReplicationRate=60 NetSpeed=15000 InputRate=60
[0012.70] SaveData: Profile_TA_0 OnLoaded LocalID=(0)
[0012.72] ScriptLog: GetDLCProducts, UnlockedDLCList=
[0012.78] ScriptLog: GetDLCProducts, UnlockedDLCList=
[0012.78] SaveGame: LocalPlayer_TA_0 HandleSaveDataLoaded 
[0012.83] FTECritical: [GFx] Changed active tutorial from 'null' to 'NONE'. Tutorial active? 'false', New checkpoint active? 'false'
[0012.83] FTEVerbose: Checkpoint 'None' attempted completion while the FTE isn't active!
[0012.92] Log: Flushing async loaders.
[0013.62] Log: Flushed async loaders.
[0013.62] Warning: Warning, Material Body_Bush.Metal missing bUsedWithStaticLighting=True!
[0013.63] Warning: Warning, Material Body_Bush.grey missing bUsedWithStaticLighting=True!
[0013.63] Warning: Warning, Material Body_Bush.grey missing bUsedWithStaticLighting=True!
[0013.63] Warning: Warning, Material Body_Bush.grey missing bUsedWithStaticLighting=True!
[0013.63] Warning: Warning, Material Body_Bush.grey missing bUsedWithStaticLighting=True!
[0013.63] Warning: Warning, Material Body_Bush.grey missing bUsedWithStaticLighting=True!
[0013.63] Warning: Warning, Material Body_Bush.grey missing bUsedWithStaticLighting=True!
[0013.67] Warning: Warning, Material Body_Bush.grey missing bUsedWithStaticLighting=True!
[0013.67] Warning: Warning, Material Body_Bush.grey missing bUsedWithStaticLighting=True!
[0013.68] Warning: Warning, Material Body_Bush.grey missing bUsedWithStaticLighting=True!
[0014.62] XPGatedPlaylists: Not currently in a party.
[0014.62] DevOnline: EOSSDK-LogEOSGameClips: Recording supported and available.
[0014.62] DevOnline: EOSSDK-LogEOSGameClips: Recording availability changed from 'Pending' to 'Available'.
[0014.62] EOSGameClips: EOSGameClips: Availability changed from Pending to Available.
[0018.69] DevOnline: EOSSDK-LogEOSAnalytics: EOS SDK Analytics disabled for route [1].
[0020.21] DevOnline: WebRequest_X_1 RECV: 304 
[0020.21] DevOnline: WebRequest_X_2 RECV: 304 
[0020.21] DevOnline: WebRequest_X_3 RECV: 304 
[0020.25] Log: Flushing async loaders.
[0020.30] Log: Flushed async loaders.
[0022.22] AuthEpicCritical: Eos login result 'EOS_Success' for player '0'
[0022.59] AuthEpicCritical: Connect login result 'EOS_Success' for player '97a9a973ac0e41ff971b5f5160336fde', local num '0'
[0022.59] AuthPlatformCritical: Login status changed for player '0' to 'LS_LoggedIn'
[0022.59] AuthPlatformVerbose: Login attempt concluded
[0022.59] AuthEpicVerbose: Requesting cabined status for player '0'
[0022.59] DevOnline: WebRequest_X_4 SEND: https://api.epicgames.dev/epic/id/v1/accounts?accountId=97a9a973ac0e41ff971b5f5160336fde
[0022.59] PsyNet: PsyNetConnection_X_1 enabled
[0022.59] AuthPsyNetVerbose: PsyNet connection status changed. Error 'None'
[0022.59] AuthPsyNetVerbose: Transitioning to state 'RequestAuthCode'
[0022.59] AuthPsyNetCritical: Requesting auth ticket from platform for 'Epic|97a9a973ac0e41ff971b5f5160336fde|0'
[0022.59] AuthPsyNetCritical: Platform auth ticket completed with success 'True'
[0022.59] AuthPsyNetVerbose: Transitioning to state 'SendLoginRequest'
[0022.59] AuthPsyNetCritical: Sending login RPC for player '97a9a973ac0e41ff971b5f5160336fde' Auth ticket required? 'True'
[0022.59] AuthPsyNetCritical: Primary player ID? 'Epic|97a9a973ac0e41ff971b5f5160336fde|0' Logging In PlayerID '97a9a973ac0e41ff971b5f5160336fde'
[0022.59] AuthPsyNetVerbose: OnlinePlayerAuthentication_TA_0 SendLoginRequest Epic|97a9a973ac0e41ff971b5f5160336fde|0 HandleLoginStatusChanged LS_LoggedIn Epic|97a9a973ac0e41ff971b5f5160336fde|0
[0022.59] Party: HandleLocalPlayerLoginStatusChanged PlayerName=1Playert PlayerID=Epic|97a9a973ac0e41ff971b5f5160336fde|0 LoginStatus=LS_LoggedIn IsPrimary=True IsInParty=False
[0022.59] PsyNet: HTTP send ID=PsyNetMessage_X_0 Message=PsyNetMessage_X_0
[0022.59] DevOnline: WebRequest_X_5 SEND: https://api.rlpp.psynet.gg/rpc/Auth/AuthPlayer/v2
[0022.69] XPGatedPlaylists: Not currently in a party.
[0022.92] ScriptLog: GetDLCProducts, UnlockedDLCList=
[0023.09] DevOnline: WebRequest_X_5 RECV: 200 
[0023.09] PsyNet: HTTP recv ID=PsyNetMessage_X_0 Message=PsyNetMessage_X_1
[0023.12] Log: Unknown error named 'ThirdPartyError'
[0023.12] DevOnline: RPCQueue_X_1 FAIL: PsyNetMessage_X_0->PsyNetMessage_X_1 PsyTime=1722872920 Error={UnknownError 'Unknown error 'ThirdPartyError'. '} [Auth/AuthPlayer]
[0023.12] PsyNet: PsyNetConnection_X_1 SetAuthDisabledError Error=UnknownError AuthRetryDelays=(2.000000,4.000000,8.000000,20.000000,60.000000,120.000000) ConsecutiveAuthFailures=1 RetryDelay=3.4283
[0023.12] PsyNet: PsyNetConnection_X_1 disabled UnknownError
[0023.12] AuthPsyNetVerbose: PsyNet connection status changed. Error 'UnknownError'
[0023.12] AuthPsyNetVerbose: New auth error. Error 'UnknownError'
[0023.12] AuthPsyNetVerbose: OnlinePlayerAuthentication_TA_0 SendLoginRequest Epic|97a9a973ac0e41ff971b5f5160336fde|0 Logout
[0023.12] Log: RPC Error (failure): Service=Auth/AuthPlayer, Type=UnknownError, Code=-1, Message=Unknown error 'ThirdPartyError'. 
[0023.64] DevOnline: WebRequest_X_4 RECV: 200 
[0023.64] AuthEpicVerbose: Cabined request completed for user '0' with result 'False', Error 'None'
[0023.72] XPGatedPlaylists: Not currently in a party.
[0024.08] Legacy: State Set
[0024.08] FTEVerbose: [GFx] Checking FTE progress: Shown login flow 'false', Legal modal valid? 'true', Online? 'true', Cabined state '0', Legacy state '3'
[0024.08] FTEDev: Trying to start FTE Group Prime_InitialStartup which is already completed and cannot be restarted CurrentActiveGroup.bCanBeDoneAgain=(False) bIgnoreCompletion=(False)
[0024.08] AuthEpicVerbose: [GFx] Showing login flow. Platform linked? 'false' Prompt for epic link? 'false' Prompt for primary? 'false' Prompt for parental consent? 'false' Epic data loaded? 'false' Showing epic flow? 'false'
[0024.08] AuthEpicVerbose: [GFx] Epic flow completed 'false'
[0024.08] FTE: Starting Group:Prime_LegalText at Checkpoint:FTE_PrimaryPlayerIsXboxGuest
[0024.08] FTEVerbose: [GFx] Checking FTE progress: Shown login flow 'true', Legal modal valid? 'true', Online? 'true', Cabined state '0', Legacy state '3'
[0024.08] FTEDev: Trying to start FTE Group Prime_InitialStartup while another Group Prime_LegalText is active
[0024.08] FTE: CompleteCheckpoint GroupName=(Prime_LegalText) CheckpointName=(FTE_PrimaryPlayerIsXboxGuest)
[0024.08] FTE: Moving to Checkpoint:FTE_PrivacyPolicy
[0024.08] FTEVerbose: [GFx] Checking FTE progress: Shown login flow 'true', Legal modal valid? 'true', Online? 'true', Cabined state '0', Legacy state '3'
[0024.08] FTEDev: Trying to start FTE Group Prime_InitialStartup while another Group Prime_LegalText is active
[0024.08] FTE: CompleteCheckpoint GroupName=(Prime_LegalText) CheckpointName=(FTE_PrivacyPolicy)
[0024.08] FTE: Moving to Checkpoint:FTE_EulaText
[0024.08] FTEVerbose: [GFx] Checking FTE progress: Shown login flow 'true', Legal modal valid? 'true', Online? 'true', Cabined state '0', Legacy state '3'
[0024.08] FTEDev: Trying to start FTE Group Prime_InitialStartup while another Group Prime_LegalText is active
[0024.08] FTE: CompleteCheckpoint GroupName=(Prime_LegalText) CheckpointName=(FTE_EulaText)
[0024.09] FTE: CompleteActiveGroup GroupName:Prime_LegalText
[0024.11] Log: RPC Error (failure): Service=Challenges/FTEGroupComplete, Type=UnknownError, Code=-1, Message=Unknown error 'ThirdPartyError'. 
[0024.11] FTEVerbose: [GFx] Checking FTE progress: Shown login flow 'true', Legal modal valid? 'true', Online? 'true', Cabined state '0', Legacy state '3'
[0024.11] FTEDev: Trying to start FTE Group Prime_InitialStartup which is already completed and cannot be restarted CurrentActiveGroup.bCanBeDoneAgain=(False) bIgnoreCompletion=(False)
[0024.11] FTEVerbose: [GFx] Checking FTE progress: Shown login flow 'true', Legal modal valid? 'true', Online? 'true', Cabined state '0', Legacy state '3'
[0024.11] FTEDev: Trying to start FTE Group Prime_InitialStartup which is already completed and cannot be restarted CurrentActiveGroup.bCanBeDoneAgain=(False) bIgnoreCompletion=(False)
[0024.11] FTEDev: Trying to start FTE Group Prime_FreeToPlayTutorial_1 which is already completed and cannot be restarted CurrentActiveGroup.bCanBeDoneAgain=(False) bIgnoreCompletion=(False)
[0024.11] FTECritical: [GFx] Changed active tutorial from 'null' to 'NONE'. Tutorial active? 'false', New checkpoint active? 'false'
[0024.11] FTEVerbose: Checkpoint 'None' attempted completion while the FTE isn't active!
[0024.11] FTEVerbose: [GFx] Checking FTE progress: Shown login flow 'true', Legal modal valid? 'true', Online? 'true', Cabined state '0', Legacy state '3'
[0024.11] FTEDev: Trying to start FTE Group Prime_InitialStartup which is already completed and cannot be restarted CurrentActiveGroup.bCanBeDoneAgain=(False) bIgnoreCompletion=(False)
[0024.11] FTEDev: Trying to start FTE Group Prime_FreeToPlayTutorial_1 which is already completed and cannot be restarted CurrentActiveGroup.bCanBeDoneAgain=(False) bIgnoreCompletion=(False)
[0024.14] AuthEpicVerbose: [GFx] Epic login changed. m_uiState:MainMenu bPromptParentalConsent:false bPromptToChoosePrimaryAccount:false bEpicSaveDataLoaded:false bPlatformLinked:false
[0024.14] FTEDev: Trying to start FTE Group Prime_MatchComplete which is already completed and cannot be restarted CurrentActiveGroup.bCanBeDoneAgain=(False) bIgnoreCompletion=(False)
[0024.14] FTEDev: Group Prime_LegacyUpdate Is not meant for users of type FTESave.LegacyGroupType=(LGT_NewUser)
[0024.25] Log: FSaveDataExportTask(0) wrote 257546 bytes to memory
[0024.25] Log: SaveGameDataAsync game thread time: 3 ms
[0024.25] RankedReconnect: LocalPlayer_TA_0.CheckForRankedReconnect() bOpenedStartMenu=(True) IsMenuLevel=(True) bLoggedIn=(False) IsPrimaryPlayer=(True) RankedReconnectAvailable=(False) EpochTime=(0) EpochNow=(1722872921) TimeSince=(1722872921) ReconnectTimeoutSeconds=(900) Reservation=()
[0024.34] Log: Deleting old save file ..\..\TAGame\SaveDataEpic\DBE_Production\97a9a973ac0e41ff971b5f5160336fde_2.save
[0024.34] Log: SaveDataExport(0): Finished - File:[..\..\TAGame\SaveDataEpic\DBE_Production\97a9a973ac0e41ff971b5f5160336fde_1.save] Result:[1]
[0024.39] DevOnline: WebRequest_X_6 SEND: https://rl-cdn.psyonix.com/Blog/Images/rl_SRT_CyberTruck_newspanel_W_Logo
[0024.43] DevOnline: WebRequest_X_6 RECV: 304 
[0026.43] Log: RPC Error (failure): Service=Tournaments/Status/GetScheduleRegion, Type=UnknownError, Code=-1, Message=Unknown error 'ThirdPartyError'. 
[0026.43] Log: RPC Error (failure): Service=GameServer/GetGameServerPingList, Type=UnknownError, Code=-1, Message=Unknown error 'ThirdPartyError'. 
[0026.43] Matchmaking: All Regions Pinged: USE (1.0000),USC (1.0000),USW (1.0000),EU (1.0000),ASC (1.0000),ASM (1.0000),JPN (1.0000),ME (1.0000),OCE (1.0000),SAF (1.0000),SAM (1.0000),IND (1.0000)
[0026.43] Log: FCacheExportTask(..\..\TAGame\Cache\RegionCache.cache) wrote 1159 bytes to memory
[0026.43] Log: RPC Error (failure): Service=Tournaments/Status/SetScheduleRegion, Type=UnknownError, Code=-1, Message=Unknown error 'ThirdPartyError'. 
[0026.46] Log: RPC Error (failure): Service=Tournaments/Search/GetSchedule, Type=UnknownError, Code=-1, Message=Unknown error 'ThirdPartyError'. 
[0026.57] PsyNet: PsyNetConnection_X_1 enabled
[0026.57] AuthPsyNetVerbose: PsyNet connection status changed. Error 'None'
[0026.57] AuthPsyNetVerbose: Transitioning to state 'RequestAuthCode'
[0026.57] AuthPsyNetCritical: Requesting auth ticket from platform for 'Epic|97a9a973ac0e41ff971b5f5160336fde|0'
[0026.57] AuthPsyNetCritical: Platform auth ticket completed with success 'True'
[0026.57] AuthPsyNetVerbose: Transitioning to state 'SendLoginRequest'
[0026.57] AuthPsyNetCritical: Sending login RPC for player '97a9a973ac0e41ff971b5f5160336fde' Auth ticket required? 'True'
[0026.57] AuthPsyNetCritical: Primary player ID? 'Epic|97a9a973ac0e41ff971b5f5160336fde|0' Logging In PlayerID '97a9a973ac0e41ff971b5f5160336fde'
[0030.38] DevNet: Browse: Park_p?Game=TAGame.GameInfo_Tutorial_TA?Goalie?Medium
[0030.73] Log: FSaveDataExportTask(0) wrote 257546 bytes to memory
[0030.73] Log: SaveGameDataAsync game thread time: 2 ms
[0030.74] Log: Flushing async loaders.
[0030.75] Log: Deleting old save file ..\..\TAGame\SaveDataEpic\DBE_Production\97a9a973ac0e41ff971b5f5160336fde.save
[0030.75] Log: SaveDataExport(0): Finished - File:[..\..\TAGame\SaveDataEpic\DBE_Production\97a9a973ac0e41ff971b5f5160336fde_2.save] Result:[1]
[0030.75] Log: Flushed async loaders.
[0030.75] Log: LoadMap: Park_p?Game=TAGame.GameInfo_Tutorial_TA?Goalie?Medium
[0030.79] DevOnline: PsyNet Flush Start TimeoutSeconds=0.250000
[0030.79] PsyNet: HTTP send ID=PsyNetMessage_X_2 Message=PsyNetMessage_X_2
[0030.79] DevOnline: WebRequest_X_7 SEND: https://api.rlpp.psynet.gg/rpc/Auth/AuthPlayer/v2
[0031.05] DevOnline: PsyNet Flush End
[0032.35] Log: Fully load package: ..\..\TAGame\CookedPCConsole\GameInfo_Tutorial_SF.upk
[0032.89] Log: Fully load package: ..\..\TAGame\CookedPCConsole\GFxSounds_XP_SF.upk
[0033.02] Log: Fully load package: ..\..\TAGame\CookedPCConsole\GFx_XPProgressMenu_SF.upk
[0033.19] Log: Fully load package: ..\..\TAGame\CookedPCConsole\GFX_EndGameMenu_SF.upk
[0033.36] Log: Fully load package: ..\..\TAGame\CookedPCConsole\GFX_WinnerMenu_SF.upk
[0033.43] Log: Fully load package: ..\..\TAGame\CookedPCConsole\GFX_MidGameScoreboard_SF.upk
[0033.47] Log: Fully load package: ..\..\TAGame\CookedPCConsole\GFX_MidGameMenu_SF.upk
[0033.56] Log: Fully load package: ..\..\TAGame\CookedPCConsole\GFX_HudMatchInfo_SF.upk
[0033.64] Log: Fully load package: ..\..\TAGame\CookedPCConsole\GFX_Hud_SF.upk
[0033.79] Log: Game class is 'GameInfo_Tutorial_TA'
[0033.84] Log: Bringing World Park_P.TheWorld up for play (0) at 2024.08.05-21.18.53
[0033.84] Log: Flushing async loaders.
[0033.98] Log: Flushed async loaders.
[0033.99] MatchBroadcast: Init bBroadcastMatch=(False) MatchLog=(None)
[0033.99] ScriptLog: MatchTypeClass=(MatchType_Tutorial_TA)
[0034.21] ScriptWarning: ScriptWarning, Accessed None 'Actor'
	GFxShell_TA Transient.GFxShell_TA_0
	Function TAGame.GFxShell_TA:GetKeyForAction:002F
Script call stack:
	Function TAGame.GFxShell_TA:GetKeyForAction

[0034.21] ScriptWarning: ScriptWarning, Accessed None 'Actor'
	GFxShell_TA Transient.GFxShell_TA_0
	Function TAGame.GFxShell_TA:GetKeyForAction:002F
Script call stack:
	Function TAGame.GFxShell_TA:GetKeyForAction

[0034.22] ScriptWarning: ScriptWarning, Accessed None 'Actor'
	GFxShell_TA Transient.GFxShell_TA_0
	Function TAGame.GFxShell_TA:GetKeyForAction:002F
Script call stack:
	Function TAGame.GFxShell_TA:GetKeyForAction

[0034.22] ScriptWarning: ScriptWarning, Accessed None 'Actor'
	GFxShell_TA Transient.GFxShell_TA_0
	Function TAGame.GFxShell_TA:GetKeyForAction:002F
Script call stack:
	Function TAGame.GFxShell_TA:GetKeyForAction

[0034.22] ScriptWarning: ScriptWarning, Accessed None 'PC'
	GFxData_MultiItemDrops_TA Transient.GFxData_MultiItemDrops_TA_0
	Function TAGame.GFxData_MultiItemDrops_TA:GetUnseenContainerDrops:008B
Script call stack:
	Function TAGame.GFxData_MultiItemDrops_TA:GetUnseenContainerDrops

[0034.26] LTM: SettingsType=(CustomMatchSettingsType_PrivateMatch)
[0034.26] LTM: SettingsType=(CustomMatchSettingsType_PrivateMatch) InSettingsType=(CustomMatchSettingsType_LocalMatch)
[0034.26] Log: Bringing up level for play took: 0.471268
[0034.54] EOSVoice: Not requesting voice token, no MatchGUID
[0034.54] ScriptLog: Car Info -- Difficulty==D_Medium WaveIndex==0 RandomIndex==0 BallRotationType==Rot_Auto
[0034.54] Log: ########### Finished loading level: 3.782733 seconds
[0034.54] DevOnline: WebRequest_X_7 RECV: 200 
[0034.54] PsyNet: HTTP recv ID=PsyNetMessage_X_2 Message=PsyNetMessage_X_3
[0034.56] ScriptLog: Shot Info -- Difficulty==D_Medium WaveIndex==0 RandomIndex==0 BallVelocity==3636.1809 BallRotationType==Rot_AutoForward
[0034.57] AuthPsyNetCritical: PsyNet auth RPC succeeded for player '97a9a973ac0e41ff971b5f5160336fde'
[0034.57] AuthPsyNetVerbose: Transitioning to state 'LoggedIn'
[0034.57] AuthPsyNetCritical: Login successful for player '97a9a973ac0e41ff971b5f5160336fde'
[0034.57] Auth: OnlinePlayer_TA_0 OnlinePlayerAuthentication_TA_0 HandleAuthLoginChange Auth.bLoggedIn=(True)
[0034.57] PsyNet: Enabling PerCon
[0034.57] PsyNet: PsyNetConnection_X_1 SetAuthorized bAuthorized=True
[0034.57] RankedReconnect: LocalPlayer_TA_0.CheckForRankedReconnect() bOpenedStartMenu=(True) IsMenuLevel=(False) bLoggedIn=(True) IsPrimaryPlayer=(True) RankedReconnectAvailable=(False) EpochTime=(0) EpochNow=(1722872928) TimeSince=(1722872928) ReconnectTimeoutSeconds=(900) Reservation=()
[0036.03] XPGatedPlaylists: Not currently in a party.
[0036.66] PsyNet: PsyNetMessengerWebSocket_X_0 Connected
[0036.66] PsyNet: PsyNetConnection_X_1 UpdateConnectionState bConnected=(True) bFreshConnection=(True)
[0036.66] DevOnline: WebRequest_X_8 SEND: https://api.kws.ol.epicgames.com/v1/epic-settings/public/users/97a9a973ac0e41ff971b5f5160336fde/values?game=rl
[0036.66] DevOnline: WebRequest_X_9 SEND: https://api.epicgames.dev/epic/friends/v1/97a9a973ac0e41ff971b5f5160336fde/blocklist
[0036.66] DevOnline: PlayerDataStorage_QueryFileList: Beginning to query files. User=(97a9a973ac0e41ff971b5f5160336fde)
[0036.66] MTX: ConditionalClaimEntitlements bAllowEntitlements=(True) bClaimingEntitlements=(False) bEntitlementsDirty=(True) PsyNetConnected=(True) SplitscreenID=(0) bMtxCodeExpired=(False)
[0036.66] MTX: HandleMtxCode bSuccess=True
[0036.66] PsyNetBeaconDetail_X: PsyNetBeacon_X_0 SetPsyNetConnection InPsyNetConnection=(PsyNetConnection_X_1)
[0036.66] PsyNet: PsyNetConnection_X_1 UpdateConnectionState bPerConConnected=(True)
[0036.85] Log: Detected new XInput controller 0
[0036.93] DevOnline: WebRequest_X_9 RECV: 200 
[0036.95] ScriptLog: HandleStatusChanged PrimaryStatus.DownloadStatus=(EB_Success) ControllerId=(0)
[0037.00] DevOnline: PlayerDataStorage_QueryFileList: Finished querying files. User=(97a9a973ac0e41ff971b5f5160336fde) Success=(1)
[0037.01] DevOnline: PlayerDataStorage_ReadFile: Beginning to download file. User=(97a9a973ac0e41ff971b5f5160336fde) FileName=(RLSaveData)
[0037.10] ScriptLog: ListenForBlockListDownloaded PrimaryStatus=(PlatformBlockListStatus_0) PrimaryStatus.DownloadStatus=(EB_Success)
[0037.19] EOSVoice: HandleFriendsListChanged
[0037.25] Log: Assigning XInput controller to 0
[0037.26] MTX: HandleClaimSuccess Products=0
[0037.46] DevOnline: WebRequest_X_10 SEND: https://rl-cdn.psyonix.com/ChallengeIcons/Challenge_Play.jpg
[0037.46] DevOnline: WebRequest_X_11 SEND: https://rl-cdn.psyonix.com/ChallengeIcons/Challenge_Shot.jpg
[0037.46] DevOnline: WebRequest_X_12 SEND: https://rl-cdn.psyonix.com/ChallengeIcons/Challenge_Save.jpg
[0037.46] DevOnline: WebRequest_X_13 SEND: https://rl-cdn.psyonix.com/ChallengeIcons/Challenge_Center.jpg
[0037.46] DevOnline: WebRequest_X_14 SEND: https://rl-cdn.psyonix.com/ChallengeIcons/Challenge_Win.jpg
[0037.46] DevOnline: WebRequest_X_15 SEND: https://rl-cdn.psyonix.com/ChallengeIcons/Challenge_AerialGoal.jpg
[0037.46] DevOnline: WebRequest_X_16 SEND: https://rl-cdn.psyonix.com/ChallengeIcons/Challenge_SAG.jpg
[0037.46] DevOnline: WebRequest_X_17 SEND: https://rl-cdn.psyonix.com/ChallengeIcons/Challenge_Clear.jpg
[0037.46] DevOnline: WebRequest_X_18 SEND: https://rl-cdn.psyonix.com/ChallengeIcons/Challenge_Goal.jpg
[0037.47] DevOnline: WebRequest_X_19 SEND: https://rl-cdn.psyonix.com/ChallengeBanners/NUX_Popup_Octane.png
[0037.48] DevOnline: WebRequest_X_20 SEND: https://rl-cdn.psyonix.com/SpecialEvent/Images/SummerRoadtrip/rl_roadtrip_game_eventwidget_adsf89g.png
[0037.48] DevOnline: WebRequest_X_21 SEND: https://rl-cdn.psyonix.com/SpecialEvent/Images/SummerRoadtrip/rl_roadtrip_dashboard_sdf789u.png
[0037.49] DevOnline: WebRequest_X_22 SEND: https://rl-cdn.psyonix.com/ChallengeBanners/Season_imagery_Reward.png
[0037.50] DevOnline: WebRequest_X_23 SEND: https://rl-cdn.psyonix.com/RocketPass/Images/S15/rl_s15_challengedashboard_fs7d8.png
[0037.55] DevOnline: WebRequest_X_8 RECV: 200 
[0037.55] EOSPermissions: NS=chat SN=voice PL=null EL=null DV=0 IV=0
[0037.55] EOSPermissions: NS=chat SN=text PL=null EL=null DV=0 IV=0
[0037.55] EOSPermissions: NS=profile SN=require-pin-to-add-friend PL=null EL=null DV=False IV=False
[0037.55] EOSPermissions: NS=prm SN=marketing PL=null EL=True DV=True IV=True
[0037.55] DevOnline: WebRequest_X_24 SEND: https://api.epicgames.dev/epic/friends/v1/97a9a973ac0e41ff971b5f5160336fde/outgoing
[0037.55] DevOnline: WebRequest_X_10 RECV: 304 
[0037.55] DevOnline: WebRequest_X_11 RECV: 304 
[0037.62] DevOnline: WebRequest_X_25 SEND: https://rl-cdn.psyonix.com/Playlists/Images/rl_event_mode_bg_heatseeker.jpg
[0037.62] DevOnline: WebRequest_X_26 SEND: https://rl-cdn.psyonix.com/Playlists/Images/Finals/playlist_ltm_heatseekerricochet_sfjko.png
[0037.64] DevOnline: WebRequest_X_27 SEND: https://rl-cdn.psyonix.com/Playlists/Images/rl_knockout_bash_2022_playlist_details_image.jpg
[0037.68] DevOnline: WebRequest_X_25 RECV: 304 
[0037.68] DevOnline: WebRequest_X_26 RECV: 304 
[0037.77] DevOnline: WebRequest_X_18 RECV: 304 
[0037.77] DevOnline: WebRequest_X_21 RECV: 304 
[0037.77] DevOnline: WebRequest_X_22 RECV: 304 
[0037.77] DevOnline: WebRequest_X_23 RECV: 304 
[0037.79] DevOnline: WebRequest_X_12 RECV: 304 
[0037.79] DevOnline: WebRequest_X_13 RECV: 304 
[0037.79] DevOnline: WebRequest_X_14 RECV: 304 
[0037.79] DevOnline: WebRequest_X_15 RECV: 304 
[0037.79] DevOnline: WebRequest_X_16 RECV: 304 
[0037.79] DevOnline: WebRequest_X_17 RECV: 304 
[0037.79] DevOnline: WebRequest_X_19 RECV: 304 
[0037.79] DevOnline: WebRequest_X_20 RECV: 304 
[0037.79] DevOnline: WebRequest_X_27 RECV: 304 
[0037.83] DevOnline: WebRequest_X_24 RECV: 200 
[0038.27] DevOnline: PlayerDataStorage_ReadFile: File download complete. User=(97a9a973ac0e41ff971b5f5160336fde) FileName=(RLSaveData) Success=(1)
[0038.28] EOSSync: HandleFileReadComplete LocalSaveTick: 72
[0038.28] EOSSync: HandleFileReadComplete OnlineSaveTick: 64
[0038.28] EOSSync: HandleFileReadComplete Local Save is up to date, keeping this file
[0038.30] ScriptLog: NewProductIDs128: 
[0038.30] ScriptLog: GetDLCProducts, UnlockedDLCList=
[0038.30] AuthEpicVerbose: Epic save data loaded
[0038.30] AuthEpicVerbose: [GFx] Epic login changed. m_uiState:HUDSoccar bPromptParentalConsent:false bPromptToChoosePrimaryAccount:false bEpicSaveDataLoaded:true bPlatformLinked:true
[0038.30] ScriptLog: GetDLCProducts, UnlockedDLCList=
[0046.06] EOSGameClips: EOSGameClips: Currently recording: false
[0046.79] ScriptLog: Car Info -- Difficulty==D_Medium WaveIndex==0 RandomIndex==1 BallRotationType==Rot_Auto
[0046.80] ScriptLog: Shot Info -- Difficulty==D_Medium WaveIndex==0 RandomIndex==1 BallVelocity==2249.9998 BallRotationType==Rot_World
[0069.94] EOSGameClips: EOSGameClips: Currently recording: false
[0070.18] ScriptLog: Car Info -- Difficulty==D_Medium WaveIndex==0 RandomIndex==0 BallRotationType==Rot_Auto
[0070.19] ScriptLog: Shot Info -- Difficulty==D_Medium WaveIndex==0 RandomIndex==0 BallVelocity==3603.5061 BallRotationType==Rot_AutoForward
[0080.67] EOSGameClips: EOSGameClips: Currently recording: false
[0081.80] ScriptLog: Car Info -- Difficulty==D_Medium WaveIndex==0 RandomIndex==1 BallRotationType==Rot_Auto
[0081.81] ScriptLog: Shot Info -- Difficulty==D_Medium WaveIndex==0 RandomIndex==1 BallVelocity==2249.9998 BallRotationType==Rot_World
[0083.03] DevOnline: WebRequest_X_28 SEND: https://datarouter.ol.epicgames.com/datarouter/api/v1/public/data?AppID=RocketLeague.Release&AppVersion=-665562285&AppEnvironment=Prod&UploadType=eteventstream&UserID=|97a9a973ac0e41ff971b5f5160336fde|||Epic|97a9a973ac0e41ff971b5f5160336fde|0&SessionID=12C19623438DA95E8003ADB53781A88D
[0084.19] DevOnline: WebRequest_X_28 RECV: 204 
[0093.86] EOSGameClips: EOSGameClips: Currently recording: false
[0101.20] ScriptLog: Car Info -- Difficulty==D_Medium WaveIndex==1 RandomIndex==1 BallRotationType==Rot_Auto
[0101.22] ScriptLog: Shot Info -- Difficulty==D_Medium WaveIndex==1 RandomIndex==1 BallVelocity==2548.8264 BallRotationType==Rot_AutoForward
[0120.12] EOSGameClips: EOSGameClips: Currently recording: false
[0120.20] ScriptLog: Car Info -- Difficulty==D_Medium WaveIndex==1 RandomIndex==2 BallRotationType==Rot_Auto
[0120.20] ScriptLog: Shot Info -- Difficulty==D_Medium WaveIndex==1 RandomIndex==2 BallVelocity==2249.9998 BallRotationType==Rot_World
[0132.21] EOSGameClips: EOSGameClips: Currently recording: false
[0139.89] ScriptLog: Car Info -- Difficulty==D_Medium WaveIndex==1 RandomIndex==0 BallRotationType==Rot_Auto
[0139.90] ScriptLog: Shot Info -- Difficulty==D_Medium WaveIndex==1 RandomIndex==0 BallVelocity==2810.4658 BallRotationType==Rot_Auto
[0143.03] DevOnline: WebRequest_X_29 SEND: https://datarouter.ol.epicgames.com/datarouter/api/v1/public/data?AppID=RocketLeague.Release&AppVersion=-665562285&AppEnvironment=Prod&UploadType=eteventstream&UserID=|97a9a973ac0e41ff971b5f5160336fde|||Epic|97a9a973ac0e41ff971b5f5160336fde|0&SessionID=12C19623438DA95E8003ADB53781A88D
[0143.31] DevOnline: WebRequest_X_29 RECV: 204 
[0172.86] EOSGameClips: EOSGameClips: Currently recording: false
[0181.73] ScriptLog: Car Info -- Difficulty==D_Medium WaveIndex==1 RandomIndex==0 BallRotationType==Rot_Auto
[0181.73] ScriptLog: Shot Info -- Difficulty==D_Medium WaveIndex==1 RandomIndex==0 BallVelocity==4030.1106 BallRotationType==Rot_Auto
[0192.25] EOSGameClips: EOSGameClips: Currently recording: false
[0196.46] ScriptLog: Car Info -- Difficulty==D_Medium WaveIndex==2 RandomIndex==0 BallRotationType==Rot_Auto
[0196.47] ScriptLog: Shot Info -- Difficulty==D_Medium WaveIndex==2 RandomIndex==0 BallVelocity==3050.0000 BallRotationType==Rot_World
[0203.02] DevOnline: WebRequest_X_30 SEND: https://datarouter.ol.epicgames.com/datarouter/api/v1/public/data?AppID=RocketLeague.Release&AppVersion=-665562285&AppEnvironment=Prod&UploadType=eteventstream&UserID=|97a9a973ac0e41ff971b5f5160336fde|||Epic|97a9a973ac0e41ff971b5f5160336fde|0&SessionID=12C19623438DA95E8003ADB53781A88D
[0203.30] DevOnline: WebRequest_X_30 RECV: 204 
[0210.33] EOSGameClips: EOSGameClips: Currently recording: false
[0211.59] ScriptLog: Car Info -- Difficulty==D_Medium WaveIndex==2 RandomIndex==1 BallRotationType==Rot_Auto
[0211.59] ScriptLog: Shot Info -- Difficulty==D_Medium WaveIndex==2 RandomIndex==1 BallVelocity==3050.0002 BallRotationType==Rot_World
[0248.09] EOSGameClips: EOSGameClips: Currently recording: false
[0257.70] SpawnPoint: SpawnPointsPodiumAnim.SetSpawnPoints() SpawnTeams.Length=(1)
[0257.70] SpawnPoint: TeamA.SetupPoints() MaxSpots=(4)
[0257.70] SpawnPoint: TeamA.SetupPoints() i=(0) SpawnPoints[i]=(TraceableSpawnPoint_TA_0)
[0257.70] SpawnPoint: TeamA.SetupPoints() i=(1) SpawnPoints[i]=(TraceableSpawnPoint_TA_1)
[0257.70] SpawnPoint: TeamA.SetupPoints() i=(2) SpawnPoints[i]=(TraceableSpawnPoint_TA_2)
[0257.70] SpawnPoint: TeamA.SetupPoints() i=(3) SpawnPoints[i]=(TraceableSpawnPoint_TA_3)
[0257.70] SpawnPoint: SpawnPointsPodium.SetSpawnPoints() SpawnTeams.Length=(1)
[0257.70] SpawnPoint: TeamA.SetupPoints() MaxSpots=(4)
[0257.70] SpawnPoint: TeamA.SetupPoints() i=(0) SpawnPoints[i]=(TraceableSpawnPoint_TA_4)
[0257.70] SpawnPoint: TeamA.SetupPoints() i=(1) SpawnPoints[i]=(TraceableSpawnPoint_TA_5)
[0257.70] SpawnPoint: TeamA.SetupPoints() i=(2) SpawnPoints[i]=(TraceableSpawnPoint_TA_6)
[0257.70] SpawnPoint: TeamA.SetupPoints() i=(3) SpawnPoints[i]=(TraceableSpawnPoint_TA_7)
[0257.70] SpawnPoint: TeamA.GetSpawnOrientation() SpotPRI.Length=(4) SpawnPoints.Length=(4)
[0257.70] SpawnPoint: TeamA.GetSpawnOrientation() i=(0) SpawnPoints[i]=(TraceableSpawnPoint_TA_4)
[0257.71] RankedReconnect: RankedReconnectSave_TA_0.ClearRankedReconnect()
[0257.71] RankedReconnect: RankedReconnectSave_TA_0.ClearRankedReconnect()
[0257.71] RankedReconnect: RankedReconnectSave_TA_0.ClearRankedReconnect()
[0257.71] RankedReconnect: RankedReconnectSave_TA_0.ClearRankedReconnect()
[0257.80] Online: TryToPlayOnline ControllerID=(-1)
[0257.80] Online: HandlePrivilegeCheckFinished PrivilegeCheck.bHasRestriction=(False)
[0257.80] Online: HandlePrivilegeCheck PrivilegeCheck.bHasRestriction=(False)
[0259.30] Log: FSaveDataExportTask(0) wrote 257560 bytes to memory
[0259.30] Log: SaveGameDataAsync game thread time: 3 ms
[0259.34] Log: Deleting old save file ..\..\TAGame\SaveDataEpic\DBE_Production\97a9a973ac0e41ff971b5f5160336fde_1.save
[0259.34] Log: SaveDataExport(0): Finished - File:[..\..\TAGame\SaveDataEpic\DBE_Production\97a9a973ac0e41ff971b5f5160336fde.save] Result:[1]
[0260.02] EOSVoice: Not requesting voice token, no MatchGUID
[0260.02] MatchBroadcast: Init bBroadcastMatch=(False) MatchLog=(None)
[0260.02] ScriptLog: MatchTypeClass=(MatchType_Tutorial_TA)
[0260.02] LTM: SettingsType=(CustomMatchSettingsType_LocalMatch) InSettingsType=(CustomMatchSettingsType_LocalMatch)
[0260.10] EOSVoice: Not requesting voice token, no MatchGUID
[0260.10] ScriptLog: Car Info -- Difficulty==D_Medium WaveIndex==0 RandomIndex==0 BallRotationType==Rot_Auto
[0260.17] ScriptLog: Shot Info -- Difficulty==D_Medium WaveIndex==0 RandomIndex==0 BallVelocity==3344.8931 BallRotationType==Rot_AutoForward
[0263.01] DevOnline: WebRequest_X_31 SEND: https://datarouter.ol.epicgames.com/datarouter/api/v1/public/data?AppID=RocketLeague.Release&AppVersion=-665562285&AppEnvironment=Prod&UploadType=eteventstream&UserID=|97a9a973ac0e41ff971b5f5160336fde|||Epic|97a9a973ac0e41ff971b5f5160336fde|0&SessionID=12C19623438DA95E8003ADB53781A88D
[0263.27] DevOnline: WebRequest_X_31 RECV: 204 
[0275.24] RankedReconnect: RankedReconnectSave_TA_0.ClearRankedReconnect()
[0275.25] DevNet: Browse: MENU_Main_p?closed
[0275.25] Log: Failed; returning to Entry
[0275.34] Log: FSaveDataExportTask(0) wrote 257614 bytes to memory
[0275.34] Log: SaveGameDataAsync game thread time: 1 ms
[0275.35] Log: LoadMap: MENU_Main_p?closed
[0275.35] EOSVoice: Not requesting voice token, no MatchGUID
[0275.37] Log: Deleting old save file ..\..\TAGame\SaveDataEpic\DBE_Production\97a9a973ac0e41ff971b5f5160336fde_2.save
[0275.37] Log: SaveDataExport(0): Finished - File:[..\..\TAGame\SaveDataEpic\DBE_Production\97a9a973ac0e41ff971b5f5160336fde_1.save] Result:[1]
[0275.37] DevOnline: PsyNet Flush Start TimeoutSeconds=0.250000
[0275.63] DevOnline: PsyNet Flush End
[0275.71] Log: Fully load package: ..\..\TAGame\CookedPCConsole\GameInfo_GFxMenu_SF.upk
[0275.73] Log: Fully load package: ..\..\TAGame\CookedPCConsole\GFxSounds_MainMenu_SF.upk
[0275.74] Log: Fully load package: ..\..\TAGame\CookedPCConsole\GFX_StartMenu_SF.upk
[0275.98] Log: Fully load package: ..\..\TAGame\CookedPCConsole\GFX_MainMenu_SF.upk
[0276.19] Log: Game class is 'GameInfo_GFxMenu_TA'
[0276.24] Log: Bringing World menu_main_p.TheWorld up for play (0) at 2024.08.05-21.22.55
[0276.24] Log: Flushing async loaders.
[0276.71] Log: Flushed async loaders.
[0276.73] Log: Bringing up level for play took: 0.535919
[0277.02] Log: ########### Finished loading level: 1.668767 seconds
[0277.06] Log: Flushing async loaders.
[0278.36] Log: Flushed async loaders.
[0278.36] Warning: Warning, Material Body_Bush.Metal missing bUsedWithStaticLighting=True!
[0278.36] Warning: Warning, Material Body_Bush.grey missing bUsedWithStaticLighting=True!
[0278.36] Warning: Warning, Material Body_Bush.grey missing bUsedWithStaticLighting=True!
[0278.36] Warning: Warning, Material Body_Bush.grey missing bUsedWithStaticLighting=True!
[0278.36] Warning: Warning, Material Body_Bush.grey missing bUsedWithStaticLighting=True!
[0278.36] Warning: Warning, Material Body_Bush.grey missing bUsedWithStaticLighting=True!
[0278.36] Warning: Warning, Material Body_Bush.grey missing bUsedWithStaticLighting=True!
[0278.36] Warning: Warning, Material Body_Bush.grey missing bUsedWithStaticLighting=True!
[0278.36] Warning: Warning, Material Body_Bush.grey missing bUsedWithStaticLighting=True!
[0278.36] Warning: Warning, Material Body_Bush.grey missing bUsedWithStaticLighting=True!
[0279.27] AuthEpicVerbose: [GFx] Epic login changed. m_uiState:MainMenu bPromptParentalConsent:false bPromptToChoosePrimaryAccount:false bEpicSaveDataLoaded:false bPlatformLinked:false
[0279.27] FTEDev: Trying to start FTE Group Prime_MatchComplete which is already completed and cannot be restarted CurrentActiveGroup.bCanBeDoneAgain=(False) bIgnoreCompletion=(False)
[0279.27] FTEDev: Group Prime_LegacyUpdate Is not meant for users of type FTESave.LegacyGroupType=(LGT_NewUser)
[0279.27] FTEDev: Trying to start FTE Group Prime_MatchComplete which is already completed and cannot be restarted CurrentActiveGroup.bCanBeDoneAgain=(False) bIgnoreCompletion=(False)
[0279.27] FTEDev: Group Prime_LegacyUpdate Is not meant for users of type FTESave.LegacyGroupType=(LGT_NewUser)
[0284.32] Log: Flushing async loaders.
[0284.32] Log: Flushed async loaders.
[0285.82] Log: Flushing async loaders.
[0285.98] Log: Flushed async loaders.
[0287.08] DevOnline: PlayerDataStorage_WriteFile: Beginning to upload file. User=(97a9a973ac0e41ff971b5f5160336fde) FileName=(RLSaveData)
[0289.73] DevOnline: PlayerDataStorage_WriteFile: File upload complete. User=(97a9a973ac0e41ff971b5f5160336fde) FileName=(RLSaveData) Success=(1)
[0289.85] DevNet: Browse: Park_p?Game=TAGame.GameInfo_Tutorial_TA?Goalie?Hard
[0290.00] Log: FSaveDataExportTask(0) wrote 257614 bytes to memory
[0290.00] Log: SaveGameDataAsync game thread time: 3 ms
[0290.01] Log: Flushing async loaders.
[0290.02] Log: Flushed async loaders.
[0290.02] Log: LoadMap: Park_p?Game=TAGame.GameInfo_Tutorial_TA?Goalie?Hard
[0290.04] Log: Deleting old save file ..\..\TAGame\SaveDataEpic\DBE_Production\97a9a973ac0e41ff971b5f5160336fde.save
[0290.04] Log: SaveDataExport(0): Finished - File:[..\..\TAGame\SaveDataEpic\DBE_Production\97a9a973ac0e41ff971b5f5160336fde_2.save] Result:[1]
[0290.07] DevOnline: PsyNet Flush Start TimeoutSeconds=0.250000
[0290.32] DevOnline: PsyNet Flush End
[0291.65] Log: Fully load package: ..\..\TAGame\CookedPCConsole\GameInfo_Tutorial_SF.upk
[0291.78] Log: Fully load package: ..\..\TAGame\CookedPCConsole\GFxSounds_XP_SF.upk
[0291.79] Log: Fully load package: ..\..\TAGame\CookedPCConsole\GFx_XPProgressMenu_SF.upk
[0291.87] Log: Fully load package: ..\..\TAGame\CookedPCConsole\GFX_EndGameMenu_SF.upk
[0291.96] Log: Fully load package: ..\..\TAGame\CookedPCConsole\GFX_WinnerMenu_SF.upk
[0291.99] Log: Fully load package: ..\..\TAGame\CookedPCConsole\GFX_MidGameScoreboard_SF.upk
[0291.99] Log: Fully load package: ..\..\TAGame\CookedPCConsole\GFX_MidGameMenu_SF.upk
[0292.04] Log: Fully load package: ..\..\TAGame\CookedPCConsole\GFX_HudMatchInfo_SF.upk
[0292.07] Log: Fully load package: ..\..\TAGame\CookedPCConsole\GFX_Hud_SF.upk
[0292.17] Log: Game class is 'GameInfo_Tutorial_TA'
[0292.23] Log: Bringing World Park_P.TheWorld up for play (0) at 2024.08.05-21.23.11
[0292.23] Log: Flushing async loaders.
[0292.37] Log: Flushed async loaders.
[0292.37] MatchBroadcast: Init bBroadcastMatch=(False) MatchLog=(None)
[0292.37] ScriptLog: MatchTypeClass=(MatchType_Tutorial_TA)
[0292.58] ScriptWarning: ScriptWarning, Accessed None 'Actor'
	GFxShell_TA Transient.GFxShell_TA_0
	Function TAGame.GFxShell_TA:GetKeyForAction:002F
Script call stack:
	Function TAGame.GFxShell_TA:GetKeyForAction

[0292.58] ScriptWarning: ScriptWarning, Accessed None 'Actor'
	GFxShell_TA Transient.GFxShell_TA_0
	Function TAGame.GFxShell_TA:GetKeyForAction:002F
Script call stack:
	Function TAGame.GFxShell_TA:GetKeyForAction

[0292.59] ScriptWarning: ScriptWarning, Accessed None 'Actor'
	GFxShell_TA Transient.GFxShell_TA_0
	Function TAGame.GFxShell_TA:GetKeyForAction:002F
Script call stack:
	Function TAGame.GFxShell_TA:GetKeyForAction

[0292.59] ScriptWarning: ScriptWarning, Accessed None 'Actor'
	GFxShell_TA Transient.GFxShell_TA_0
	Function TAGame.GFxShell_TA:GetKeyForAction:002F
Script call stack:
	Function TAGame.GFxShell_TA:GetKeyForAction

[0292.59] ScriptWarning: ScriptWarning, Accessed None 'PC'
	GFxData_MultiItemDrops_TA Transient.GFxData_MultiItemDrops_TA_0
	Function TAGame.GFxData_MultiItemDrops_TA:GetUnseenContainerDrops:008B
Script call stack:
	Function TAGame.GFxData_MultiItemDrops_TA:GetUnseenContainerDrops

[0292.63] LTM: SettingsType=(CustomMatchSettingsType_PrivateMatch)
[0292.63] LTM: SettingsType=(CustomMatchSettingsType_PrivateMatch) InSettingsType=(CustomMatchSettingsType_LocalMatch)
[0292.63] Log: Bringing up level for play took: 0.462593
[0292.86] EOSVoice: Not requesting voice token, no MatchGUID
[0292.86] ScriptLog: Car Info -- Difficulty==D_Hard WaveIndex==0 RandomIndex==0 BallRotationType==Rot_Auto
[0292.87] Log: ########### Finished loading level: 2.848223 seconds
[0292.89] ScriptLog: Shot Info -- Difficulty==D_Hard WaveIndex==0 RandomIndex==0 BallVelocity==2773.9475 BallRotationType==Rot_AutoArch
[0318.48] EOSGameClips: EOSGameClips: Currently recording: false
[0320.64] EOSGameClips: EOSGameClips: Currently recording: false
[0321.26] EOSGameClips: EOSGameClips: Currently recording: false
[0326.12] RankedReconnect: RankedReconnectSave_TA_0.ClearRankedReconnect()
[0326.13] DevNet: Browse: MENU_Main_p?closed
[0326.13] Log: Failed; returning to Entry
[0326.29] Log: FSaveDataExportTask(0) wrote 257560 bytes to memory
[0326.29] Log: SaveGameDataAsync game thread time: 2 ms
[0326.30] Log: LoadMap: MENU_Main_p?closed
[0326.30] EOSVoice: Not requesting voice token, no MatchGUID
[0326.33] Log: Deleting old save file ..\..\TAGame\SaveDataEpic\DBE_Production\97a9a973ac0e41ff971b5f5160336fde_1.save
[0326.33] Log: SaveDataExport(0): Finished - File:[..\..\TAGame\SaveDataEpic\DBE_Production\97a9a973ac0e41ff971b5f5160336fde.save] Result:[1]
[0326.33] DevOnline: PsyNet Flush Start TimeoutSeconds=0.250000
[0326.58] DevOnline: PsyNet Flush End
[0326.68] Log: Fully load package: ..\..\TAGame\CookedPCConsole\GameInfo_GFxMenu_SF.upk
[0326.70] Log: Fully load package: ..\..\TAGame\CookedPCConsole\GFxSounds_MainMenu_SF.upk
[0326.70] Log: Fully load package: ..\..\TAGame\CookedPCConsole\GFX_StartMenu_SF.upk
[0326.95] Log: Fully load package: ..\..\TAGame\CookedPCConsole\GFX_MainMenu_SF.upk
[0327.17] Log: Game class is 'GameInfo_GFxMenu_TA'
[0327.22] Log: Bringing World menu_main_p.TheWorld up for play (0) at 2024.08.05-21.23.46
[0327.22] Log: Flushing async loaders.
[0327.70] Log: Flushed async loaders.
[0327.71] Log: Bringing up level for play took: 0.548607
[0328.01] Log: ########### Finished loading level: 1.717087 seconds
[0328.08] Log: Flushing async loaders.
[0329.33] Log: Flushed async loaders.
[0329.33] Warning: Warning, Material Body_Bush.Metal missing bUsedWithStaticLighting=True!
[0329.34] Warning: Warning, Material Body_Bush.grey missing bUsedWithStaticLighting=True!
[0329.34] Warning: Warning, Material Body_Bush.grey missing bUsedWithStaticLighting=True!
[0329.34] Warning: Warning, Material Body_Bush.grey missing bUsedWithStaticLighting=True!
[0329.34] Warning: Warning, Material Body_Bush.grey missing bUsedWithStaticLighting=True!
[0329.34] Warning: Warning, Material Body_Bush.grey missing bUsedWithStaticLighting=True!
[0329.34] Warning: Warning, Material Body_Bush.grey missing bUsedWithStaticLighting=True!
[0329.34] Warning: Warning, Material Body_Bush.grey missing bUsedWithStaticLighting=True!
[0329.34] Warning: Warning, Material Body_Bush.grey missing bUsedWithStaticLighting=True!
[0329.34] Warning: Warning, Material Body_Bush.grey missing bUsedWithStaticLighting=True!
[0330.22] AuthEpicVerbose: [GFx] Epic login changed. m_uiState:MainMenu bPromptParentalConsent:false bPromptToChoosePrimaryAccount:false bEpicSaveDataLoaded:false bPlatformLinked:false
[0330.22] FTEDev: Trying to start FTE Group Prime_MatchComplete which is already completed and cannot be restarted CurrentActiveGroup.bCanBeDoneAgain=(False) bIgnoreCompletion=(False)
[0330.22] FTEDev: Group Prime_LegacyUpdate Is not meant for users of type FTESave.LegacyGroupType=(LGT_NewUser)
[0330.22] FTEDev: Trying to start FTE Group Prime_MatchComplete which is already completed and cannot be restarted CurrentActiveGroup.bCanBeDoneAgain=(False) bIgnoreCompletion=(False)
[0330.22] FTEDev: Group Prime_LegacyUpdate Is not meant for users of type FTESave.LegacyGroupType=(LGT_NewUser)
[0335.11] Log: Flushing async loaders.
[0335.46] Log: Flushed async loaders.
[0335.59] DevOnline: PlayerDataStorage_WriteFile: Beginning to upload file. User=(97a9a973ac0e41ff971b5f5160336fde) FileName=(RLSaveData)
[0337.23] Log: Flushing async loaders.
[0337.35] Log: Flushed async loaders.
[0340.26] DevOnline: PlayerDataStorage_WriteFile: File upload complete. User=(97a9a973ac0e41ff971b5f5160336fde) FileName=(RLSaveData) Success=(1)
[0342.63] DevNet: Browse: Park_p?Game=TAGame.GameInfo_Tutorial_TA?Aerial?Easy
[0342.79] Log: FSaveDataExportTask(0) wrote 257560 bytes to memory
[0342.79] Log: SaveGameDataAsync game thread time: 2 ms
[0342.80] Log: Flushing async loaders.
[0342.81] Log: Deleting old save file ..\..\TAGame\SaveDataEpic\DBE_Production\97a9a973ac0e41ff971b5f5160336fde_2.save
[0342.81] Log: SaveDataExport(0): Finished - File:[..\..\TAGame\SaveDataEpic\DBE_Production\97a9a973ac0e41ff971b5f5160336fde_1.save] Result:[1]
[0342.81] Log: Flushed async loaders.
[0342.81] Log: LoadMap: Park_p?Game=TAGame.GameInfo_Tutorial_TA?Aerial?Easy
[0342.87] DevOnline: PsyNet Flush Start TimeoutSeconds=0.250000
[0343.13] DevOnline: PsyNet Flush End
[0344.48] Log: Fully load package: ..\..\TAGame\CookedPCConsole\GameInfo_Tutorial_SF.upk
[0344.61] Log: Fully load package: ..\..\TAGame\CookedPCConsole\GFxSounds_XP_SF.upk
[0344.61] Log: Fully load package: ..\..\TAGame\CookedPCConsole\GFx_XPProgressMenu_SF.upk
[0344.69] Log: Fully load package: ..\..\TAGame\CookedPCConsole\GFX_EndGameMenu_SF.upk
[0344.77] Log: Fully load package: ..\..\TAGame\CookedPCConsole\GFX_WinnerMenu_SF.upk
[0344.80] Log: Fully load package: ..\..\TAGame\CookedPCConsole\GFX_MidGameScoreboard_SF.upk
[0344.81] Log: Fully load package: ..\..\TAGame\CookedPCConsole\GFX_MidGameMenu_SF.upk
[0344.85] Log: Fully load package: ..\..\TAGame\CookedPCConsole\GFX_HudMatchInfo_SF.upk
[0344.89] Log: Fully load package: ..\..\TAGame\CookedPCConsole\GFX_Hud_SF.upk
[0344.98] Log: Game class is 'GameInfo_Tutorial_TA'
[0345.06] Log: Bringing World Park_P.TheWorld up for play (0) at 2024.08.05-21.24.04
[0345.06] Log: Flushing async loaders.
[0345.24] Log: Flushed async loaders.
[0345.25] MatchBroadcast: Init bBroadcastMatch=(False) MatchLog=(None)
[0345.25] ScriptLog: MatchTypeClass=(MatchType_Tutorial_TA)
[0345.45] ScriptWarning: ScriptWarning, Accessed None 'Actor'
	GFxShell_TA Transient.GFxShell_TA_0
	Function TAGame.GFxShell_TA:GetKeyForAction:002F
Script call stack:
	Function TAGame.GFxShell_TA:GetKeyForAction

[0345.45] ScriptWarning: ScriptWarning, Accessed None 'Actor'
	GFxShell_TA Transient.GFxShell_TA_0
	Function TAGame.GFxShell_TA:GetKeyForAction:002F
Script call stack:
	Function TAGame.GFxShell_TA:GetKeyForAction

[0345.46] ScriptWarning: ScriptWarning, Accessed None 'Actor'
	GFxShell_TA Transient.GFxShell_TA_0
	Function TAGame.GFxShell_TA:GetKeyForAction:002F
Script call stack:
	Function TAGame.GFxShell_TA:GetKeyForAction

[0345.46] ScriptWarning: ScriptWarning, Accessed None 'Actor'
	GFxShell_TA Transient.GFxShell_TA_0
	Function TAGame.GFxShell_TA:GetKeyForAction:002F
Script call stack:
	Function TAGame.GFxShell_TA:GetKeyForAction

[0345.47] ScriptWarning: ScriptWarning, Accessed None 'PC'
	GFxData_MultiItemDrops_TA Transient.GFxData_MultiItemDrops_TA_0
	Function TAGame.GFxData_MultiItemDrops_TA:GetUnseenContainerDrops:008B
Script call stack:
	Function TAGame.GFxData_MultiItemDrops_TA:GetUnseenContainerDrops

[0345.50] LTM: SettingsType=(CustomMatchSettingsType_PrivateMatch)
[0345.50] LTM: SettingsType=(CustomMatchSettingsType_PrivateMatch) InSettingsType=(CustomMatchSettingsType_LocalMatch)
[0345.51] Log: Bringing up level for play took: 0.526405
[0345.74] EOSVoice: Not requesting voice token, no MatchGUID
[0345.74] ScriptLog: Car Info -- Difficulty==D_Easy WaveIndex==0 RandomIndex==0 BallRotationType==Rot_Auto
[0345.75] Log: ########### Finished loading level: 2.932454 seconds
[0345.75] DevOnline: WebRequest_X_32 SEND: https://datarouter.ol.epicgames.com/datarouter/api/v1/public/data?AppID=RocketLeague.Release&AppVersion=-665562285&AppEnvironment=Prod&UploadType=eteventstream&UserID=|97a9a973ac0e41ff971b5f5160336fde|||Epic|97a9a973ac0e41ff971b5f5160336fde|0&SessionID=12C19623438DA95E8003ADB53781A88D
[0345.77] Warning: Warning, Failed to load 'Object Archetypes.Tutorial.Training_Aerial': Failed to find object 'Object Archetypes.Tutorial.Training_Aerial'
[0345.77] Error: Error, GetTextArchetype() - Could not find archetype for 'Archetypes.Tutorial.Training_Aerial'
[0345.77] ScriptWarning: ScriptWarning, Accessed None 'TutorialName'
	GameEvent_Training_Aerial_TA Park_P.TheWorld:PersistentLevel.GameEvent_Training_Aerial_TA_0
	Function TAGame.GameEvent_Tutorial_TA:StartTutorial:0059
Script call stack:
	State TAGame.GameEvent_Tutorial_TA:Intro
	Function TAGame.GameEvent_Tutorial_TA:Intro.InitIntro
	Function TAGame.GameEvent_Tutorial_TA:StartTutorial

[0345.77] ScriptLog: Shot Info -- Difficulty==D_Easy WaveIndex==0 RandomIndex==0 BallVelocity==0.0000 BallRotationType==Rot_Auto
[0347.91] DevOnline: WebRequest_X_32 RECV: 204 
[0363.77] PsyNetStaticData: HandleCacheExpired
[0363.80] DevOnline: WebRequest_X_33 SEND: https://config.psynet.gg/v2/Config/BattleCars/-665562285/Prod/Epic/INT/
[0364.03] DevOnline: WebRequest_X_33 RECV: 304 
[0387.49] EndGameDebug: HandleBallHitWorld: Ball_Tutorial_TA_34 1.0000
[0406.46] DevOnline: WebRequest_X_34 SEND: https://datarouter.ol.epicgames.com/datarouter/api/v1/public/data?AppID=RocketLeague.Release&AppVersion=-665562285&AppEnvironment=Prod&UploadType=eteventstream&UserID=|97a9a973ac0e41ff971b5f5160336fde|||Epic|97a9a973ac0e41ff971b5f5160336fde|0&SessionID=12C19623438DA95E8003ADB53781A88D
[0406.69] DevOnline: WebRequest_X_34 RECV: 204 
[0457.61] EndGameDebug: HandleBallHitWorld: Ball_Tutorial_TA_43 1.0000
[0461.15] EOSGameClips: EOSGameClips: Currently recording: false
[0463.42] ScriptLog: Car Info -- Difficulty==D_Easy WaveIndex==0 RandomIndex==0 BallRotationType==Rot_Auto
[0463.43] ScriptLog: Shot Info -- Difficulty==D_Easy WaveIndex==0 RandomIndex==0 BallVelocity==0.0000 BallRotationType==Rot_Auto
[0466.47] DevOnline: WebRequest_X_35 SEND: https://datarouter.ol.epicgames.com/datarouter/api/v1/public/data?AppID=RocketLeague.Release&AppVersion=-665562285&AppEnvironment=Prod&UploadType=eteventstream&UserID=|97a9a973ac0e41ff971b5f5160336fde|||Epic|97a9a973ac0e41ff971b5f5160336fde|0&SessionID=12C19623438DA95E8003ADB53781A88D
[0466.71] DevOnline: WebRequest_X_35 RECV: 204 
[0526.47] DevOnline: WebRequest_X_36 SEND: https://datarouter.ol.epicgames.com/datarouter/api/v1/public/data?AppID=RocketLeague.Release&AppVersion=-665562285&AppEnvironment=Prod&UploadType=eteventstream&UserID=|97a9a973ac0e41ff971b5f5160336fde|||Epic|97a9a973ac0e41ff971b5f5160336fde|0&SessionID=12C19623438DA95E8003ADB53781A88D
[0526.73] DevOnline: WebRequest_X_36 RECV: 204 
[0527.00] EOSGameClips: EOSGameClips: Currently recording: false
[0528.72] ScriptLog: Car Info -- Difficulty==D_Easy WaveIndex==0 RandomIndex==0 BallRotationType==Rot_Auto
[0528.72] ScriptLog: Shot Info -- Difficulty==D_Easy WaveIndex==0 RandomIndex==0 BallVelocity==0.0000 BallRotationType==Rot_Auto
[0551.54] EndGameDebug: HandleBallHitWorld: Ball_Tutorial_TA_55 1.0000
[0555.09] EOSGameClips: EOSGameClips: Currently recording: false
[0558.60] ScriptLog: Car Info -- Difficulty==D_Easy WaveIndex==1 RandomIndex==0 BallRotationType==Rot_Auto
[0558.60] ScriptLog: Shot Info -- Difficulty==D_Easy WaveIndex==1 RandomIndex==0 BallVelocity==0.0000 BallRotationType==Rot_Auto
[0586.66] DevOnline: WebRequest_X_37 SEND: https://datarouter.ol.epicgames.com/datarouter/api/v1/public/data?AppID=RocketLeague.Release&AppVersion=-665562285&AppEnvironment=Prod&UploadType=eteventstream&UserID=|97a9a973ac0e41ff971b5f5160336fde|||Epic|97a9a973ac0e41ff971b5f5160336fde|0&SessionID=12C19623438DA95E8003ADB53781A88D
[0586.92] DevOnline: WebRequest_X_37 RECV: 204 
[0646.67] DevOnline: WebRequest_X_38 SEND: https://datarouter.ol.epicgames.com/datarouter/api/v1/public/data?AppID=RocketLeague.Release&AppVersion=-665562285&AppEnvironment=Prod&UploadType=eteventstream&UserID=|97a9a973ac0e41ff971b5f5160336fde|||Epic|97a9a973ac0e41ff971b5f5160336fde|0&SessionID=12C19623438DA95E8003ADB53781A88D
[0646.93] DevOnline: WebRequest_X_38 RECV: 204 
[0666.15] EOSGameClips: EOSGameClips: Currently recording: false
[0668.29] ScriptLog: Car Info -- Difficulty==D_Easy WaveIndex==1 RandomIndex==1 BallRotationType==Rot_Auto
[0668.29] ScriptLog: Shot Info -- Difficulty==D_Easy WaveIndex==1 RandomIndex==1 BallVelocity==0.0000 BallRotationType==Rot_Auto
[0686.08] PsyNetStaticData: HandleCacheExpired
[0686.10] DevOnline: WebRequest_X_39 SEND: https://config.psynet.gg/v2/Config/BattleCars/-665562285/Prod/Epic/INT/
[0686.23] DevOnline: WebRequest_X_39 RECV: 304 
[0706.67] DevOnline: WebRequest_X_40 SEND: https://datarouter.ol.epicgames.com/datarouter/api/v1/public/data?AppID=RocketLeague.Release&AppVersion=-665562285&AppEnvironment=Prod&UploadType=eteventstream&UserID=|97a9a973ac0e41ff971b5f5160336fde|||Epic|97a9a973ac0e41ff971b5f5160336fde|0&SessionID=12C19623438DA95E8003ADB53781A88D
[0706.91] DevOnline: WebRequest_X_40 RECV: 204 
[0766.66] DevOnline: WebRequest_X_41 SEND: https://datarouter.ol.epicgames.com/datarouter/api/v1/public/data?AppID=RocketLeague.Release&AppVersion=-665562285&AppEnvironment=Prod&UploadType=eteventstream&UserID=|97a9a973ac0e41ff971b5f5160336fde|||Epic|97a9a973ac0e41ff971b5f5160336fde|0&SessionID=12C19623438DA95E8003ADB53781A88D
[0767.00] DevOnline: WebRequest_X_41 RECV: 204 
[0770.84] EOSGameClips: EOSGameClips: Currently recording: false
[0772.24] ScriptLog: Car Info -- Difficulty==D_Easy WaveIndex==1 RandomIndex==1 BallRotationType==Rot_Auto
[0772.24] ScriptLog: Shot Info -- Difficulty==D_Easy WaveIndex==1 RandomIndex==1 BallVelocity==0.0000 BallRotationType==Rot_Auto
[0782.91] EOSGameClips: EOSGameClips: Currently recording: false
[0783.65] ScriptLog: Car Info -- Difficulty==D_Easy WaveIndex==1 RandomIndex==0 BallRotationType==Rot_Auto
[0783.65] ScriptLog: Shot Info -- Difficulty==D_Easy WaveIndex==1 RandomIndex==0 BallVelocity==0.0000 BallRotationType==Rot_Auto
[0818.33] EOSGameClips: EOSGameClips: Currently recording: false
[0818.39] ScriptLog: Car Info -- Difficulty==D_Easy WaveIndex==2 RandomIndex==0 BallRotationType==Rot_Auto
[0818.39] ScriptLog: Shot Info -- Difficulty==D_Easy WaveIndex==2 RandomIndex==0 BallVelocity==0.0000 BallRotationType==Rot_Auto
[0826.67] DevOnline: WebRequest_X_42 SEND: https://datarouter.ol.epicgames.com/datarouter/api/v1/public/data?AppID=RocketLeague.Release&AppVersion=-665562285&AppEnvironment=Prod&UploadType=eteventstream&UserID=|97a9a973ac0e41ff971b5f5160336fde|||Epic|97a9a973ac0e41ff971b5f5160336fde|0&SessionID=12C19623438DA95E8003ADB53781A88D
[0826.92] DevOnline: WebRequest_X_42 RECV: 204 
[0851.60] EOSGameClips: EOSGameClips: Currently recording: false
[0852.15] ScriptLog: Car Info -- Difficulty==D_Easy WaveIndex==2 RandomIndex==1 BallRotationType==Rot_Auto
[0852.15] ScriptLog: Shot Info -- Difficulty==D_Easy WaveIndex==2 RandomIndex==1 BallVelocity==0.0000 BallRotationType==Rot_Auto
[0886.67] DevOnline: WebRequest_X_43 SEND: https://datarouter.ol.epicgames.com/datarouter/api/v1/public/data?AppID=RocketLeague.Release&AppVersion=-665562285&AppEnvironment=Prod&UploadType=eteventstream&UserID=|97a9a973ac0e41ff971b5f5160336fde|||Epic|97a9a973ac0e41ff971b5f5160336fde|0&SessionID=12C19623438DA95E8003ADB53781A88D
[0886.93] DevOnline: WebRequest_X_43 RECV: 204 
[0916.60] EOSGameClips: EOSGameClips: Currently recording: false
[0917.30] ScriptLog: Car Info -- Difficulty==D_Easy WaveIndex==2 RandomIndex==3 BallRotationType==Rot_Auto
[0917.30] ScriptLog: Shot Info -- Difficulty==D_Easy WaveIndex==2 RandomIndex==3 BallVelocity==0.0000 BallRotationType==Rot_Auto
[0946.68] DevOnline: WebRequest_X_44 SEND: https://datarouter.ol.epicgames.com/datarouter/api/v1/public/data?AppID=RocketLeague.Release&AppVersion=-665562285&AppEnvironment=Prod&UploadType=eteventstream&UserID=|97a9a973ac0e41ff971b5f5160336fde|||Epic|97a9a973ac0e41ff971b5f5160336fde|0&SessionID=12C19623438DA95E8003ADB53781A88D
[0946.92] DevOnline: WebRequest_X_44 RECV: 204 
[0966.67] EOSGameClips: EOSGameClips: Currently recording: false
[0967.50] SpawnPoint: SpawnPointsPodiumAnim.SetSpawnPoints() SpawnTeams.Length=(1)
[0967.50] SpawnPoint: TeamA.SetupPoints() MaxSpots=(4)
[0967.50] SpawnPoint: TeamA.SetupPoints() i=(0) SpawnPoints[i]=(TraceableSpawnPoint_TA_8)
[0967.50] SpawnPoint: TeamA.SetupPoints() i=(1) SpawnPoints[i]=(TraceableSpawnPoint_TA_9)
[0967.50] SpawnPoint: TeamA.SetupPoints() i=(2) SpawnPoints[i]=(TraceableSpawnPoint_TA_10)
[0967.50] SpawnPoint: TeamA.SetupPoints() i=(3) SpawnPoints[i]=(TraceableSpawnPoint_TA_11)
[0967.50] SpawnPoint: SpawnPointsPodium.SetSpawnPoints() SpawnTeams.Length=(1)
[0967.50] SpawnPoint: TeamA.SetupPoints() MaxSpots=(4)
[0967.50] SpawnPoint: TeamA.SetupPoints() i=(0) SpawnPoints[i]=(TraceableSpawnPoint_TA_12)
[0967.50] SpawnPoint: TeamA.SetupPoints() i=(1) SpawnPoints[i]=(TraceableSpawnPoint_TA_13)
[0967.50] SpawnPoint: TeamA.SetupPoints() i=(2) SpawnPoints[i]=(TraceableSpawnPoint_TA_14)
[0967.50] SpawnPoint: TeamA.SetupPoints() i=(3) SpawnPoints[i]=(TraceableSpawnPoint_TA_15)
[0967.50] SpawnPoint: TeamA.GetSpawnOrientation() SpotPRI.Length=(4) SpawnPoints.Length=(4)
[0967.50] SpawnPoint: TeamA.GetSpawnOrientation() i=(0) SpawnPoints[i]=(TraceableSpawnPoint_TA_12)
[0967.50] RankedReconnect: RankedReconnectSave_TA_0.ClearRankedReconnect()
[0967.50] RankedReconnect: RankedReconnectSave_TA_0.ClearRankedReconnect()
[0967.50] RankedReconnect: RankedReconnectSave_TA_0.ClearRankedReconnect()
[0967.50] RankedReconnect: RankedReconnectSave_TA_0.ClearRankedReconnect()
[0967.58] Online: TryToPlayOnline ControllerID=(-1)
[0967.58] Online: HandlePrivilegeCheckFinished PrivilegeCheck.bHasRestriction=(False)
[0967.58] Online: HandlePrivilegeCheck PrivilegeCheck.bHasRestriction=(False)
[0968.02] PsyNet: PsyNetServiceProvider_X_1 ExecuteService Complete, Service=Challenges/PlayerProgress 
[0968.48] Log: FSaveDataExportTask(0) wrote 257593 bytes to memory
[0968.48] Log: SaveGameDataAsync game thread time: 2 ms
[0968.52] Log: Deleting old save file ..\..\TAGame\SaveDataEpic\DBE_Production\97a9a973ac0e41ff971b5f5160336fde.save
[0968.52] Log: SaveDataExport(0): Finished - File:[..\..\TAGame\SaveDataEpic\DBE_Production\97a9a973ac0e41ff971b5f5160336fde_2.save] Result:[1]
[0969.78] EOSVoice: Not requesting voice token, no MatchGUID
[0969.78] MatchBroadcast: Init bBroadcastMatch=(False) MatchLog=(None)
[0969.78] ScriptLog: MatchTypeClass=(MatchType_Tutorial_TA)
[0969.78] LTM: SettingsType=(